system   D            wsystem.c:583  maybe_parent_dir                 [   0.00039] Also searching F:\Radiation\MapEditor\C++\RadMapEdit\
system   D            wsystem.c:633  _al_win_safe_load_library        [   0.00060] PathFindOnPath found: C:\WINDOWS\system32\d3d9.dll
system   D            wsystem.c:544  load_library_at_path             [   0.00063] Calling LoadLibrary C:\WINDOWS\system32\d3d9.dll
system   I            wsystem.c:547  load_library_at_path             [   0.00435] Loaded C:\WINDOWS\system32\d3d9.dll
d3d      I         d3d_disp.cpp:696  _al_d3d_init_display             [   0.01572] Render-to-texture: 1
system   I             system.c:252  al_install_system                [   0.01576] Allegro version: 5.0.10
d3d      I         d3d_disp.cpp:1737 d3d_create_display_locked        [   0.02274] faux_fullscreen=0
d3d      D         d3d_disp.cpp:1738 d3d_create_display_locked        [   0.02278] al_display=007092E8
d3d      D         d3d_disp.cpp:1739 d3d_create_display_locked        [   0.02279] al_display->vt=00709220
d3d      I d3d_display_formats.cpp:144  _al_d3d_generate_display_format_list [   0.02704] found 288 format combinations
display  D   display_settings.c:191  debug_display_settings           [   0.02708] color: 32 (rgba 8880), depth: 0, stencil: 0, acc: 0000, samples: 0/0
display  D   display_settings.c:506  _al_score_display_settings       [   0.02709] Score is : 897
display  D   display_settings.c:191  debug_display_settings           [   0.02710] color: 32 (rgba 8880), depth: 0, stencil: 0, acc: 0000, samples: 0/0
display  D   display_settings.c:506  _al_score_display_settings       [   0.02712] Score is : 897
display  D   display_settings.c:191  debug_display_settings           [   0.02713] color: 32 (rgba 8880), depth: 0, stencil: 0, acc: 0000, samples: 2/1
display  D   display_settings.c:506  _al_score_display_settings       [   0.02714] Score is : 726
display  D   display_settings.c:191  debug_display_settings           [   0.02716] color: 32 (rgba 8880), depth: 0, stencil: 0, acc: 0000, samples: 3/1
display  D   display_settings.c:506  _al_score_display_settings       [   0.02717] Score is : 721
display  D   display_settings.c:191  debug_display_settings           [   0.02718] color: 32 (rgba 8880), depth: 0, stencil: 0, acc: 0000, samples: 4/1
display  D   display_settings.c:506  _al_score_display_settings       [   0.02720] Score is : 717
display  D   display_settings.c:191  debug_display_settings           [   0.02721] color: 32 (rgba 8880), depth: 0, stencil: 0, acc: 0000, samples: 5/1
display  D   display_settings.c:506  _al_score_display_settings       [   0.02722] Score is : 715
display  D   display_settings.c:191  debug_display_settings           [   0.02723] color: 32 (rgba 8880), depth: 0, stencil: 0, acc: 0000, samples: 6/1
display  D   display_settings.c:506  _al_score_display_settings       [   0.02725] Score is : 714
display  D   display_settings.c:191  debug_display_settings           [   0.02726] color: 32 (rgba 8880), depth: 0, stencil: 0, acc: 0000, samples: 7/1
display  D   display_settings.c:506  _al_score_display_settings       [   0.02727] Score is : 713
display  D   display_settings.c:191  debug_display_settings           [   0.02728] color: 32 (rgba 8880), depth: 0, stencil: 0, acc: 0000, samples: 8/1
display  D   display_settings.c:506  _al_score_display_settings       [   0.02730] Score is : 712
display  D   display_settings.c:191  debug_display_settings           [   0.02731] color: 32 (rgba 8880), depth: 24, stencil: 8, acc: 0000, samples: 0/0
display  D   display_settings.c:506  _al_score_display_settings       [   0.02732] Score is : 897
display  D   display_settings.c:191  debug_display_settings           [   0.02733] color: 32 (rgba 8880), depth: 24, stencil: 8, acc: 0000, samples: 0/0
display  D   display_settings.c:506  _al_score_display_settings       [   0.02735] Score is : 897
display  D   display_settings.c:191  debug_display_settings           [   0.02736] color: 32 (rgba 8880), depth: 24, stencil: 8, acc: 0000, samples: 2/1
display  D   display_settings.c:506  _al_score_display_settings       [   0.02744] Score is : 726
display  D   display_settings.c:191  debug_display_settings           [   0.02745] color: 32 (rgba 8880), depth: 24, stencil: 8, acc: 0000, samples: 3/1
display  D   display_settings.c:506  _al_score_display_settings       [   0.02747] Score is : 721
display  D   display_settings.c:191  debug_display_settings           [   0.02748] color: 32 (rgba 8880), depth: 24, stencil: 8, acc: 0000, samples: 4/1
display  D   display_settings.c:506  _al_score_display_settings       [   0.02749] Score is : 717
display  D   display_settings.c:191  debug_display_settings           [   0.02750] color: 32 (rgba 8880), depth: 24, stencil: 8, acc: 0000, samples: 5/1
display  D   display_settings.c:506  _al_score_display_settings       [   0.02752] Score is : 715
display  D   display_settings.c:191  debug_display_settings           [   0.02753] color: 32 (rgba 8880), depth: 24, stencil: 8, acc: 0000, samples: 6/1
display  D   display_settings.c:506  _al_score_display_settings       [   0.02754] Score is : 714
display  D   display_settings.c:191  debug_display_settings           [   0.02755] color: 32 (rgba 8880), depth: 24, stencil: 8, acc: 0000, samples: 7/1
display  D   display_settings.c:506  _al_score_display_settings       [   0.02757] Score is : 713
display  D   display_settings.c:191  debug_display_settings           [   0.02758] color: 32 (rgba 8880), depth: 24, stencil: 8, acc: 0000, samples: 8/1
display  D   display_settings.c:506  _al_score_display_settings       [   0.02759] Score is : 712
display  D   display_settings.c:191  debug_display_settings           [   0.02760] color: 32 (rgba 8880), depth: 24, stencil: 0, acc: 0000, samples: 0/0
display  D   display_settings.c:506  _al_score_display_settings       [   0.02762] Score is : 897
display  D   display_settings.c:191  debug_display_settings           [   0.02763] color: 32 (rgba 8880), depth: 24, stencil: 0, acc: 0000, samples: 0/0
display  D   display_settings.c:506  _al_score_display_settings       [   0.02764] Score is : 897
display  D   display_settings.c:191  debug_display_settings           [   0.02766] color: 32 (rgba 8880), depth: 24, stencil: 0, acc: 0000, samples: 2/1
display  D   display_settings.c:506  _al_score_display_settings       [   0.02768] Score is : 726
display  D   display_settings.c:191  debug_display_settings           [   0.02769] color: 32 (rgba 8880), depth: 24, stencil: 0, acc: 0000, samples: 3/1
display  D   display_settings.c:506  _al_score_display_settings       [   0.02770] Score is : 721
display  D   display_settings.c:191  debug_display_settings           [   0.02771] color: 32 (rgba 8880), depth: 24, stencil: 0, acc: 0000, samples: 4/1
display  D   display_settings.c:506  _al_score_display_settings       [   0.02773] Score is : 717
display  D   display_settings.c:191  debug_display_settings           [   0.02774] color: 32 (rgba 8880), depth: 24, stencil: 0, acc: 0000, samples: 5/1
display  D   display_settings.c:506  _al_score_display_settings       [   0.02775] Score is : 715
display  D   display_settings.c:191  debug_display_settings           [   0.02776] color: 32 (rgba 8880), depth: 24, stencil: 0, acc: 0000, samples: 6/1
display  D   display_settings.c:506  _al_score_display_settings       [   0.02778] Score is : 714
display  D   display_settings.c:191  debug_display_settings           [   0.02779] color: 32 (rgba 8880), depth: 24, stencil: 0, acc: 0000, samples: 7/1
display  D   display_settings.c:506  _al_score_display_settings       [   0.02781] Score is : 713
display  D   display_settings.c:191  debug_display_settings           [   0.02782] color: 32 (rgba 8880), depth: 24, stencil: 0, acc: 0000, samples: 8/1
display  D   display_settings.c:506  _al_score_display_settings       [   0.02783] Score is : 712
display  D   display_settings.c:191  debug_display_settings           [   0.02784] color: 32 (rgba 8880), depth: 16, stencil: 0, acc: 0000, samples: 0/0
display  D   display_settings.c:506  _al_score_display_settings       [   0.02786] Score is : 897
display  D   display_settings.c:191  debug_display_settings           [   0.02787] color: 32 (rgba 8880), depth: 16, stencil: 0, acc: 0000, samples: 0/0
display  D   display_settings.c:506  _al_score_display_settings       [   0.02789] Score is : 897
display  D   display_settings.c:191  debug_display_settings           [   0.02790] color: 32 (rgba 8880), depth: 16, stencil: 0, acc: 0000, samples: 2/1
display  D   display_settings.c:506  _al_score_display_settings       [   0.02791] Score is : 726
display  D   display_settings.c:191  debug_display_settings           [   0.02792] color: 32 (rgba 8880), depth: 16, stencil: 0, acc: 0000, samples: 3/1
display  D   display_settings.c:506  _al_score_display_settings       [   0.02794] Score is : 721
display  D   display_settings.c:191  debug_display_settings           [   0.02795] color: 32 (rgba 8880), depth: 16, stencil: 0, acc: 0000, samples: 4/1
display  D   display_settings.c:506  _al_score_display_settings       [   0.02796] Score is : 717
display  D   display_settings.c:191  debug_display_settings           [   0.02797] color: 32 (rgba 8880), depth: 16, stencil: 0, acc: 0000, samples: 5/1
display  D   display_settings.c:506  _al_score_display_settings       [   0.02799] Score is : 715
display  D   display_settings.c:191  debug_display_settings           [   0.02800] color: 32 (rgba 8880), depth: 16, stencil: 0, acc: 0000, samples: 6/1
display  D   display_settings.c:506  _al_score_display_settings       [   0.02801] Score is : 714
display  D   display_settings.c:191  debug_display_settings           [   0.02802] color: 32 (rgba 8880), depth: 16, stencil: 0, acc: 0000, samples: 7/1
display  D   display_settings.c:506  _al_score_display_settings       [   0.02804] Score is : 713
display  D   display_settings.c:191  debug_display_settings           [   0.02805] color: 32 (rgba 8880), depth: 16, stencil: 0, acc: 0000, samples: 8/1
display  D   display_settings.c:506  _al_score_display_settings       [   0.02806] Score is : 712
display  D   display_settings.c:191  debug_display_settings           [   0.02808] color: 16 (rgba 5650), depth: 0, stencil: 0, acc: 0000, samples: 0/0
display  D   display_settings.c:506  _al_score_display_settings       [   0.02809] Score is : 897
display  D   display_settings.c:191  debug_display_settings           [   0.02810] color: 16 (rgba 5650), depth: 0, stencil: 0, acc: 0000, samples: 0/0
display  D   display_settings.c:506  _al_score_display_settings       [   0.02812] Score is : 897
display  D   display_settings.c:191  debug_display_settings           [   0.02813] color: 16 (rgba 5650), depth: 0, stencil: 0, acc: 0000, samples: 2/1
display  D   display_settings.c:506  _al_score_display_settings       [   0.02814] Score is : 726
display  D   display_settings.c:191  debug_display_settings           [   0.02815] color: 16 (rgba 5650), depth: 0, stencil: 0, acc: 0000, samples: 3/1
display  D   display_settings.c:506  _al_score_display_settings       [   0.02817] Score is : 721
display  D   display_settings.c:191  debug_display_settings           [   0.02818] color: 16 (rgba 5650), depth: 0, stencil: 0, acc: 0000, samples: 4/1
display  D   display_settings.c:506  _al_score_display_settings       [   0.02819] Score is : 717
display  D   display_settings.c:191  debug_display_settings           [   0.02820] color: 16 (rgba 5650), depth: 0, stencil: 0, acc: 0000, samples: 5/1
display  D   display_settings.c:506  _al_score_display_settings       [   0.02822] Score is : 715
display  D   display_settings.c:191  debug_display_settings           [   0.02823] color: 16 (rgba 5650), depth: 0, stencil: 0, acc: 0000, samples: 6/1
display  D   display_settings.c:506  _al_score_display_settings       [   0.02824] Score is : 714
display  D   display_settings.c:191  debug_display_settings           [   0.02825] color: 16 (rgba 5650), depth: 0, stencil: 0, acc: 0000, samples: 7/1
display  D   display_settings.c:506  _al_score_display_settings       [   0.02827] Score is : 713
display  D   display_settings.c:191  debug_display_settings           [   0.02828] color: 16 (rgba 5650), depth: 0, stencil: 0, acc: 0000, samples: 8/1
display  D   display_settings.c:506  _al_score_display_settings       [   0.02830] Score is : 712
display  D   display_settings.c:191  debug_display_settings           [   0.02831] color: 16 (rgba 5650), depth: 24, stencil: 8, acc: 0000, samples: 0/0
display  D   display_settings.c:506  _al_score_display_settings       [   0.02832] Score is : 897
display  D   display_settings.c:191  debug_display_settings           [   0.02833] color: 16 (rgba 5650), depth: 24, stencil: 8, acc: 0000, samples: 0/0
display  D   display_settings.c:506  _al_score_display_settings       [   0.02835] Score is : 897
display  D   display_settings.c:191  debug_display_settings           [   0.02836] color: 16 (rgba 5650), depth: 24, stencil: 8, acc: 0000, samples: 2/1
display  D   display_settings.c:506  _al_score_display_settings       [   0.02837] Score is : 726
display  D   display_settings.c:191  debug_display_settings           [   0.02838] color: 16 (rgba 5650), depth: 24, stencil: 8, acc: 0000, samples: 3/1
display  D   display_settings.c:506  _al_score_display_settings       [   0.02840] Score is : 721
display  D   display_settings.c:191  debug_display_settings           [   0.02841] color: 16 (rgba 5650), depth: 24, stencil: 8, acc: 0000, samples: 4/1
display  D   display_settings.c:506  _al_score_display_settings       [   0.02842] Score is : 717
display  D   display_settings.c:191  debug_display_settings           [   0.02843] color: 16 (rgba 5650), depth: 24, stencil: 8, acc: 0000, samples: 5/1
display  D   display_settings.c:506  _al_score_display_settings       [   0.02845] Score is : 715
display  D   display_settings.c:191  debug_display_settings           [   0.02846] color: 16 (rgba 5650), depth: 24, stencil: 8, acc: 0000, samples: 6/1
display  D   display_settings.c:506  _al_score_display_settings       [   0.02847] Score is : 714
display  D   display_settings.c:191  debug_display_settings           [   0.02848] color: 16 (rgba 5650), depth: 24, stencil: 8, acc: 0000, samples: 7/1
display  D   display_settings.c:506  _al_score_display_settings       [   0.02850] Score is : 713
display  D   display_settings.c:191  debug_display_settings           [   0.02851] color: 16 (rgba 5650), depth: 24, stencil: 8, acc: 0000, samples: 8/1
display  D   display_settings.c:506  _al_score_display_settings       [   0.02852] Score is : 712
display  D   display_settings.c:191  debug_display_settings           [   0.02853] color: 16 (rgba 5650), depth: 24, stencil: 0, acc: 0000, samples: 0/0
display  D   display_settings.c:506  _al_score_display_settings       [   0.02855] Score is : 897
display  D   display_settings.c:191  debug_display_settings           [   0.02856] color: 16 (rgba 5650), depth: 24, stencil: 0, acc: 0000, samples: 0/0
display  D   display_settings.c:506  _al_score_display_settings       [   0.02857] Score is : 897
display  D   display_settings.c:191  debug_display_settings           [   0.02858] color: 16 (rgba 5650), depth: 24, stencil: 0, acc: 0000, samples: 2/1
display  D   display_settings.c:506  _al_score_display_settings       [   0.02860] Score is : 726
display  D   display_settings.c:191  debug_display_settings           [   0.02861] color: 16 (rgba 5650), depth: 24, stencil: 0, acc: 0000, samples: 3/1
display  D   display_settings.c:506  _al_score_display_settings       [   0.02862] Score is : 721
display  D   display_settings.c:191  debug_display_settings           [   0.02864] color: 16 (rgba 5650), depth: 24, stencil: 0, acc: 0000, samples: 4/1
display  D   display_settings.c:506  _al_score_display_settings       [   0.02865] Score is : 717
display  D   display_settings.c:191  debug_display_settings           [   0.02866] color: 16 (rgba 5650), depth: 24, stencil: 0, acc: 0000, samples: 5/1
display  D   display_settings.c:506  _al_score_display_settings       [   0.02868] Score is : 715
display  D   display_settings.c:191  debug_display_settings           [   0.02869] color: 16 (rgba 5650), depth: 24, stencil: 0, acc: 0000, samples: 6/1
display  D   display_settings.c:506  _al_score_display_settings       [   0.02873] Score is : 714
display  D   display_settings.c:191  debug_display_settings           [   0.02874] color: 16 (rgba 5650), depth: 24, stencil: 0, acc: 0000, samples: 7/1
display  D   display_settings.c:506  _al_score_display_settings       [   0.02876] Score is : 713
display  D   display_settings.c:191  debug_display_settings           [   0.02877] color: 16 (rgba 5650), depth: 24, stencil: 0, acc: 0000, samples: 8/1
display  D   display_settings.c:506  _al_score_display_settings       [   0.02878] Score is : 712
display  D   display_settings.c:191  debug_display_settings           [   0.02879] color: 16 (rgba 5650), depth: 16, stencil: 0, acc: 0000, samples: 0/0
display  D   display_settings.c:506  _al_score_display_settings       [   0.02881] Score is : 897
display  D   display_settings.c:191  debug_display_settings           [   0.02882] color: 16 (rgba 5650), depth: 16, stencil: 0, acc: 0000, samples: 0/0
display  D   display_settings.c:506  _al_score_display_settings       [   0.02883] Score is : 897
display  D   display_settings.c:191  debug_display_settings           [   0.02884] color: 16 (rgba 5650), depth: 16, stencil: 0, acc: 0000, samples: 2/1
display  D   display_settings.c:506  _al_score_display_settings       [   0.02886] Score is : 726
display  D   display_settings.c:191  debug_display_settings           [   0.02887] color: 16 (rgba 5650), depth: 16, stencil: 0, acc: 0000, samples: 3/1
display  D   display_settings.c:506  _al_score_display_settings       [   0.02888] Score is : 721
display  D   display_settings.c:191  debug_display_settings           [   0.02889] color: 16 (rgba 5650), depth: 16, stencil: 0, acc: 0000, samples: 4/1
display  D   display_settings.c:506  _al_score_display_settings       [   0.02891] Score is : 717
display  D   display_settings.c:191  debug_display_settings           [   0.02892] color: 16 (rgba 5650), depth: 16, stencil: 0, acc: 0000, samples: 5/1
display  D   display_settings.c:506  _al_score_display_settings       [   0.02893] Score is : 715
display  D   display_settings.c:191  debug_display_settings           [   0.02894] color: 16 (rgba 5650), depth: 16, stencil: 0, acc: 0000, samples: 6/1
display  D   display_settings.c:506  _al_score_display_settings       [   0.02896] Score is : 714
display  D   display_settings.c:191  debug_display_settings           [   0.02897] color: 16 (rgba 5650), depth: 16, stencil: 0, acc: 0000, samples: 7/1
display  D   display_settings.c:506  _al_score_display_settings       [   0.02899] Score is : 713
display  D   display_settings.c:191  debug_display_settings           [   0.02900] color: 16 (rgba 5650), depth: 16, stencil: 0, acc: 0000, samples: 8/1
display  D   display_settings.c:506  _al_score_display_settings       [   0.02901] Score is : 712
display  D   display_settings.c:191  debug_display_settings           [   0.02902] color: 32 (rgba 8880), depth: 0, stencil: 0, acc: 0000, samples: 0/0
display  D   display_settings.c:377  _al_score_display_settings       [   0.02904] Single Buffer requirement not met.
display  D   display_settings.c:191  debug_display_settings           [   0.02905] color: 32 (rgba 8880), depth: 0, stencil: 0, acc: 0000, samples: 0/0
display  D   display_settings.c:377  _al_score_display_settings       [   0.02906] Single Buffer requirement not met.
display  D   display_settings.c:191  debug_display_settings           [   0.02907] color: 32 (rgba 8880), depth: 0, stencil: 0, acc: 0000, samples: 2/1
display  D   display_settings.c:377  _al_score_display_settings       [   0.02909] Single Buffer requirement not met.
display  D   display_settings.c:191  debug_display_settings           [   0.02910] color: 32 (rgba 8880), depth: 0, stencil: 0, acc: 0000, samples: 3/1
display  D   display_settings.c:377  _al_score_display_settings       [   0.02912] Single Buffer requirement not met.
display  D   display_settings.c:191  debug_display_settings           [   0.02913] color: 32 (rgba 8880), depth: 0, stencil: 0, acc: 0000, samples: 4/1
display  D   display_settings.c:377  _al_score_display_settings       [   0.02914] Single Buffer requirement not met.
display  D   display_settings.c:191  debug_display_settings           [   0.02916] color: 32 (rgba 8880), depth: 0, stencil: 0, acc: 0000, samples: 5/1
display  D   display_settings.c:377  _al_score_display_settings       [   0.02917] Single Buffer requirement not met.
display  D   display_settings.c:191  debug_display_settings           [   0.02918] color: 32 (rgba 8880), depth: 0, stencil: 0, acc: 0000, samples: 6/1
display  D   display_settings.c:377  _al_score_display_settings       [   0.02920] Single Buffer requirement not met.
display  D   display_settings.c:191  debug_display_settings           [   0.02921] color: 32 (rgba 8880), depth: 0, stencil: 0, acc: 0000, samples: 7/1
display  D   display_settings.c:377  _al_score_display_settings       [   0.02922] Single Buffer requirement not met.
display  D   display_settings.c:191  debug_display_settings           [   0.02923] color: 32 (rgba 8880), depth: 0, stencil: 0, acc: 0000, samples: 8/1
display  D   display_settings.c:377  _al_score_display_settings       [   0.02925] Single Buffer requirement not met.
display  D   display_settings.c:191  debug_display_settings           [   0.02932] color: 32 (rgba 8880), depth: 24, stencil: 8, acc: 0000, samples: 0/0
display  D   display_settings.c:377  _al_score_display_settings       [   0.02937] Single Buffer requirement not met.
display  D   display_settings.c:191  debug_display_settings           [   0.02938] color: 32 (rgba 8880), depth: 24, stencil: 8, acc: 0000, samples: 0/0
display  D   display_settings.c:377  _al_score_display_settings       [   0.02939] Single Buffer requirement not met.
display  D   display_settings.c:191  debug_display_settings           [   0.02940] color: 32 (rgba 8880), depth: 24, stencil: 8, acc: 0000, samples: 2/1
display  D   display_settings.c:377  _al_score_display_settings       [   0.02942] Single Buffer requirement not met.
display  D   display_settings.c:191  debug_display_settings           [   0.02943] color: 32 (rgba 8880), depth: 24, stencil: 8, acc: 0000, samples: 3/1
display  D   display_settings.c:377  _al_score_display_settings       [   0.02944] Single Buffer requirement not met.
display  D   display_settings.c:191  debug_display_settings           [   0.02946] color: 32 (rgba 8880), depth: 24, stencil: 8, acc: 0000, samples: 4/1
display  D   display_settings.c:377  _al_score_display_settings       [   0.02947] Single Buffer requirement not met.
display  D   display_settings.c:191  debug_display_settings           [   0.02948] color: 32 (rgba 8880), depth: 24, stencil: 8, acc: 0000, samples: 5/1
display  D   display_settings.c:377  _al_score_display_settings       [   0.02950] Single Buffer requirement not met.
display  D   display_settings.c:191  debug_display_settings           [   0.02951] color: 32 (rgba 8880), depth: 24, stencil: 8, acc: 0000, samples: 6/1
display  D   display_settings.c:377  _al_score_display_settings       [   0.02952] Single Buffer requirement not met.
display  D   display_settings.c:191  debug_display_settings           [   0.02953] color: 32 (rgba 8880), depth: 24, stencil: 8, acc: 0000, samples: 7/1
display  D   display_settings.c:377  _al_score_display_settings       [   0.02955] Single Buffer requirement not met.
display  D   display_settings.c:191  debug_display_settings           [   0.02956] color: 32 (rgba 8880), depth: 24, stencil: 8, acc: 0000, samples: 8/1
display  D   display_settings.c:377  _al_score_display_settings       [   0.02958] Single Buffer requirement not met.
display  D   display_settings.c:191  debug_display_settings           [   0.02959] color: 32 (rgba 8880), depth: 24, stencil: 0, acc: 0000, samples: 0/0
display  D   display_settings.c:377  _al_score_display_settings       [   0.02960] Single Buffer requirement not met.
display  D   display_settings.c:191  debug_display_settings           [   0.02961] color: 32 (rgba 8880), depth: 24, stencil: 0, acc: 0000, samples: 0/0
display  D   display_settings.c:377  _al_score_display_settings       [   0.02963] Single Buffer requirement not met.
display  D   display_settings.c:191  debug_display_settings           [   0.02964] color: 32 (rgba 8880), depth: 24, stencil: 0, acc: 0000, samples: 2/1
display  D   display_settings.c:377  _al_score_display_settings       [   0.02966] Single Buffer requirement not met.
display  D   display_settings.c:191  debug_display_settings           [   0.02967] color: 32 (rgba 8880), depth: 24, stencil: 0, acc: 0000, samples: 3/1
display  D   display_settings.c:377  _al_score_display_settings       [   0.02968] Single Buffer requirement not met.
display  D   display_settings.c:191  debug_display_settings           [   0.02970] color: 32 (rgba 8880), depth: 24, stencil: 0, acc: 0000, samples: 4/1
display  D   display_settings.c:377  _al_score_display_settings       [   0.02971] Single Buffer requirement not met.
display  D   display_settings.c:191  debug_display_settings           [   0.02972] color: 32 (rgba 8880), depth: 24, stencil: 0, acc: 0000, samples: 5/1
display  D   display_settings.c:377  _al_score_display_settings       [   0.02974] Single Buffer requirement not met.
display  D   display_settings.c:191  debug_display_settings           [   0.02975] color: 32 (rgba 8880), depth: 24, stencil: 0, acc: 0000, samples: 6/1
display  D   display_settings.c:377  _al_score_display_settings       [   0.02976] Single Buffer requirement not met.
display  D   display_settings.c:191  debug_display_settings           [   0.02977] color: 32 (rgba 8880), depth: 24, stencil: 0, acc: 0000, samples: 7/1
display  D   display_settings.c:377  _al_score_display_settings       [   0.02979] Single Buffer requirement not met.
display  D   display_settings.c:191  debug_display_settings           [   0.02980] color: 32 (rgba 8880), depth: 24, stencil: 0, acc: 0000, samples: 8/1
display  D   display_settings.c:377  _al_score_display_settings       [   0.02981] Single Buffer requirement not met.
display  D   display_settings.c:191  debug_display_settings           [   0.02983] color: 32 (rgba 8880), depth: 16, stencil: 0, acc: 0000, samples: 0/0
display  D   display_settings.c:377  _al_score_display_settings       [   0.02984] Single Buffer requirement not met.
display  D   display_settings.c:191  debug_display_settings           [   0.02985] color: 32 (rgba 8880), depth: 16, stencil: 0, acc: 0000, samples: 0/0
display  D   display_settings.c:377  _al_score_display_settings       [   0.02987] Single Buffer requirement not met.
display  D   display_settings.c:191  debug_display_settings           [   0.02988] color: 32 (rgba 8880), depth: 16, stencil: 0, acc: 0000, samples: 2/1
display  D   display_settings.c:377  _al_score_display_settings       [   0.02989] Single Buffer requirement not met.
display  D   display_settings.c:191  debug_display_settings           [   0.02990] color: 32 (rgba 8880), depth: 16, stencil: 0, acc: 0000, samples: 3/1
display  D   display_settings.c:377  _al_score_display_settings       [   0.02992] Single Buffer requirement not met.
display  D   display_settings.c:191  debug_display_settings           [   0.02993] color: 32 (rgba 8880), depth: 16, stencil: 0, acc: 0000, samples: 4/1
display  D   display_settings.c:377  _al_score_display_settings       [   0.02994] Single Buffer requirement not met.
display  D   display_settings.c:191  debug_display_settings           [   0.02996] color: 32 (rgba 8880), depth: 16, stencil: 0, acc: 0000, samples: 5/1
display  D   display_settings.c:377  _al_score_display_settings       [   0.02997] Single Buffer requirement not met.
display  D   display_settings.c:191  debug_display_settings           [   0.02998] color: 32 (rgba 8880), depth: 16, stencil: 0, acc: 0000, samples: 6/1
display  D   display_settings.c:377  _al_score_display_settings       [   0.03000] Single Buffer requirement not met.
display  D   display_settings.c:191  debug_display_settings           [   0.03001] color: 32 (rgba 8880), depth: 16, stencil: 0, acc: 0000, samples: 7/1
display  D   display_settings.c:377  _al_score_display_settings       [   0.03002] Single Buffer requirement not met.
display  D   display_settings.c:191  debug_display_settings           [   0.03004] color: 32 (rgba 8880), depth: 16, stencil: 0, acc: 0000, samples: 8/1
display  D   display_settings.c:377  _al_score_display_settings       [   0.03005] Single Buffer requirement not met.
display  D   display_settings.c:191  debug_display_settings           [   0.03006] color: 16 (rgba 5650), depth: 0, stencil: 0, acc: 0000, samples: 0/0
display  D   display_settings.c:377  _al_score_display_settings       [   0.03008] Single Buffer requirement not met.
display  D   display_settings.c:191  debug_display_settings           [   0.03009] color: 16 (rgba 5650), depth: 0, stencil: 0, acc: 0000, samples: 0/0
display  D   display_settings.c:377  _al_score_display_settings       [   0.03010] Single Buffer requirement not met.
display  D   display_settings.c:191  debug_display_settings           [   0.03012] color: 16 (rgba 5650), depth: 0, stencil: 0, acc: 0000, samples: 2/1
display  D   display_settings.c:377  _al_score_display_settings       [   0.03013] Single Buffer requirement not met.
display  D   display_settings.c:191  debug_display_settings           [   0.03014] color: 16 (rgba 5650), depth: 0, stencil: 0, acc: 0000, samples: 3/1
display  D   display_settings.c:377  _al_score_display_settings       [   0.03016] Single Buffer requirement not met.
display  D   display_settings.c:191  debug_display_settings           [   0.03017] color: 16 (rgba 5650), depth: 0, stencil: 0, acc: 0000, samples: 4/1
display  D   display_settings.c:377  _al_score_display_settings       [   0.03018] Single Buffer requirement not met.
display  D   display_settings.c:191  debug_display_settings           [   0.03019] color: 16 (rgba 5650), depth: 0, stencil: 0, acc: 0000, samples: 5/1
display  D   display_settings.c:377  _al_score_display_settings       [   0.03021] Single Buffer requirement not met.
display  D   display_settings.c:191  debug_display_settings           [   0.03022] color: 16 (rgba 5650), depth: 0, stencil: 0, acc: 0000, samples: 6/1
display  D   display_settings.c:377  _al_score_display_settings       [   0.03024] Single Buffer requirement not met.
display  D   display_settings.c:191  debug_display_settings           [   0.03025] color: 16 (rgba 5650), depth: 0, stencil: 0, acc: 0000, samples: 7/1
display  D   display_settings.c:377  _al_score_display_settings       [   0.03026] Single Buffer requirement not met.
display  D   display_settings.c:191  debug_display_settings           [   0.03027] color: 16 (rgba 5650), depth: 0, stencil: 0, acc: 0000, samples: 8/1
display  D   display_settings.c:377  _al_score_display_settings       [   0.03029] Single Buffer requirement not met.
display  D   display_settings.c:191  debug_display_settings           [   0.03030] color: 16 (rgba 5650), depth: 24, stencil: 8, acc: 0000, samples: 0/0
display  D   display_settings.c:377  _al_score_display_settings       [   0.03031] Single Buffer requirement not met.
display  D   display_settings.c:191  debug_display_settings           [   0.03033] color: 16 (rgba 5650), depth: 24, stencil: 8, acc: 0000, samples: 0/0
display  D   display_settings.c:377  _al_score_display_settings       [   0.03034] Single Buffer requirement not met.
display  D   display_settings.c:191  debug_display_settings           [   0.03035] color: 16 (rgba 5650), depth: 24, stencil: 8, acc: 0000, samples: 2/1
display  D   display_settings.c:377  _al_score_display_settings       [   0.03037] Single Buffer requirement not met.
display  D   display_settings.c:191  debug_display_settings           [   0.03038] color: 16 (rgba 5650), depth: 24, stencil: 8, acc: 0000, samples: 3/1
display  D   display_settings.c:377  _al_score_display_settings       [   0.03039] Single Buffer requirement not met.
display  D   display_settings.c:191  debug_display_settings           [   0.03041] color: 16 (rgba 5650), depth: 24, stencil: 8, acc: 0000, samples: 4/1
display  D   display_settings.c:377  _al_score_display_settings       [   0.03045] Single Buffer requirement not met.
display  D   display_settings.c:191  debug_display_settings           [   0.03047] color: 16 (rgba 5650), depth: 24, stencil: 8, acc: 0000, samples: 5/1
display  D   display_settings.c:377  _al_score_display_settings       [   0.03048] Single Buffer requirement not met.
display  D   display_settings.c:191  debug_display_settings           [   0.03049] color: 16 (rgba 5650), depth: 24, stencil: 8, acc: 0000, samples: 6/1
display  D   display_settings.c:377  _al_score_display_settings       [   0.03051] Single Buffer requirement not met.
display  D   display_settings.c:191  debug_display_settings           [   0.03052] color: 16 (rgba 5650), depth: 24, stencil: 8, acc: 0000, samples: 7/1
display  D   display_settings.c:377  _al_score_display_settings       [   0.03053] Single Buffer requirement not met.
display  D   display_settings.c:191  debug_display_settings           [   0.03054] color: 16 (rgba 5650), depth: 24, stencil: 8, acc: 0000, samples: 8/1
display  D   display_settings.c:377  _al_score_display_settings       [   0.03056] Single Buffer requirement not met.
display  D   display_settings.c:191  debug_display_settings           [   0.03057] color: 16 (rgba 5650), depth: 24, stencil: 0, acc: 0000, samples: 0/0
display  D   display_settings.c:377  _al_score_display_settings       [   0.03059] Single Buffer requirement not met.
display  D   display_settings.c:191  debug_display_settings           [   0.03060] color: 16 (rgba 5650), depth: 24, stencil: 0, acc: 0000, samples: 0/0
display  D   display_settings.c:377  _al_score_display_settings       [   0.03061] Single Buffer requirement not met.
display  D   display_settings.c:191  debug_display_settings           [   0.03062] color: 16 (rgba 5650), depth: 24, stencil: 0, acc: 0000, samples: 2/1
display  D   display_settings.c:377  _al_score_display_settings       [   0.03064] Single Buffer requirement not met.
display  D   display_settings.c:191  debug_display_settings           [   0.03065] color: 16 (rgba 5650), depth: 24, stencil: 0, acc: 0000, samples: 3/1
display  D   display_settings.c:377  _al_score_display_settings       [   0.03067] Single Buffer requirement not met.
display  D   display_settings.c:191  debug_display_settings           [   0.03068] color: 16 (rgba 5650), depth: 24, stencil: 0, acc: 0000, samples: 4/1
display  D   display_settings.c:377  _al_score_display_settings       [   0.03069] Single Buffer requirement not met.
display  D   display_settings.c:191  debug_display_settings           [   0.03070] color: 16 (rgba 5650), depth: 24, stencil: 0, acc: 0000, samples: 5/1
display  D   display_settings.c:377  _al_score_display_settings       [   0.03072] Single Buffer requirement not met.
display  D   display_settings.c:191  debug_display_settings           [   0.03073] color: 16 (rgba 5650), depth: 24, stencil: 0, acc: 0000, samples: 6/1
display  D   display_settings.c:377  _al_score_display_settings       [   0.03074] Single Buffer requirement not met.
display  D   display_settings.c:191  debug_display_settings           [   0.03076] color: 16 (rgba 5650), depth: 24, stencil: 0, acc: 0000, samples: 7/1
display  D   display_settings.c:377  _al_score_display_settings       [   0.03077] Single Buffer requirement not met.
display  D   display_settings.c:191  debug_display_settings           [   0.03078] color: 16 (rgba 5650), depth: 24, stencil: 0, acc: 0000, samples: 8/1
display  D   display_settings.c:377  _al_score_display_settings       [   0.03080] Single Buffer requirement not met.
display  D   display_settings.c:191  debug_display_settings           [   0.03081] color: 16 (rgba 5650), depth: 16, stencil: 0, acc: 0000, samples: 0/0
display  D   display_settings.c:377  _al_score_display_settings       [   0.03082] Single Buffer requirement not met.
display  D   display_settings.c:191  debug_display_settings           [   0.03084] color: 16 (rgba 5650), depth: 16, stencil: 0, acc: 0000, samples: 0/0
display  D   display_settings.c:377  _al_score_display_settings       [   0.03085] Single Buffer requirement not met.
display  D   display_settings.c:191  debug_display_settings           [   0.03086] color: 16 (rgba 5650), depth: 16, stencil: 0, acc: 0000, samples: 2/1
display  D   display_settings.c:377  _al_score_display_settings       [   0.03088] Single Buffer requirement not met.
display  D   display_settings.c:191  debug_display_settings           [   0.03089] color: 16 (rgba 5650), depth: 16, stencil: 0, acc: 0000, samples: 3/1
display  D   display_settings.c:377  _al_score_display_settings       [   0.03091] Single Buffer requirement not met.
display  D   display_settings.c:191  debug_display_settings           [   0.03092] color: 16 (rgba 5650), depth: 16, stencil: 0, acc: 0000, samples: 4/1
display  D   display_settings.c:377  _al_score_display_settings       [   0.03093] Single Buffer requirement not met.
display  D   display_settings.c:191  debug_display_settings           [   0.03094] color: 16 (rgba 5650), depth: 16, stencil: 0, acc: 0000, samples: 5/1
display  D   display_settings.c:377  _al_score_display_settings       [   0.03096] Single Buffer requirement not met.
display  D   display_settings.c:191  debug_display_settings           [   0.03097] color: 16 (rgba 5650), depth: 16, stencil: 0, acc: 0000, samples: 6/1
display  D   display_settings.c:377  _al_score_display_settings       [   0.03098] Single Buffer requirement not met.
display  D   display_settings.c:191  debug_display_settings           [   0.03100] color: 16 (rgba 5650), depth: 16, stencil: 0, acc: 0000, samples: 7/1
display  D   display_settings.c:377  _al_score_display_settings       [   0.03101] Single Buffer requirement not met.
display  D   display_settings.c:191  debug_display_settings           [   0.03102] color: 16 (rgba 5650), depth: 16, stencil: 0, acc: 0000, samples: 8/1
display  D   display_settings.c:377  _al_score_display_settings       [   0.03104] Single Buffer requirement not met.
display  D   display_settings.c:191  debug_display_settings           [   0.03105] color: 32 (rgba 8880), depth: 0, stencil: 0, acc: 0000, samples: 0/0
display  D   display_settings.c:506  _al_score_display_settings       [   0.03106] Score is : 769
display  D   display_settings.c:191  debug_display_settings           [   0.03107] color: 32 (rgba 8880), depth: 0, stencil: 0, acc: 0000, samples: 0/0
display  D   display_settings.c:506  _al_score_display_settings       [   0.03109] Score is : 769
display  D   display_settings.c:191  debug_display_settings           [   0.03110] color: 32 (rgba 8880), depth: 0, stencil: 0, acc: 0000, samples: 2/1
display  D   display_settings.c:506  _al_score_display_settings       [   0.03111] Score is : 598
display  D   display_settings.c:191  debug_display_settings           [   0.03112] color: 32 (rgba 8880), depth: 0, stencil: 0, acc: 0000, samples: 3/1
display  D   display_settings.c:506  _al_score_display_settings       [   0.03114] Score is : 593
display  D   display_settings.c:191  debug_display_settings           [   0.03115] color: 32 (rgba 8880), depth: 0, stencil: 0, acc: 0000, samples: 4/1
display  D   display_settings.c:506  _al_score_display_settings       [   0.03116] Score is : 589
display  D   display_settings.c:191  debug_display_settings           [   0.03117] color: 32 (rgba 8880), depth: 0, stencil: 0, acc: 0000, samples: 5/1
display  D   display_settings.c:506  _al_score_display_settings       [   0.03119] Score is : 587
display  D   display_settings.c:191  debug_display_settings           [   0.03120] color: 32 (rgba 8880), depth: 0, stencil: 0, acc: 0000, samples: 6/1
display  D   display_settings.c:506  _al_score_display_settings       [   0.03121] Score is : 586
display  D   display_settings.c:191  debug_display_settings           [   0.03123] color: 32 (rgba 8880), depth: 0, stencil: 0, acc: 0000, samples: 7/1
display  D   display_settings.c:506  _al_score_display_settings       [   0.03124] Score is : 585
display  D   display_settings.c:191  debug_display_settings           [   0.03125] color: 32 (rgba 8880), depth: 0, stencil: 0, acc: 0000, samples: 8/1
display  D   display_settings.c:506  _al_score_display_settings       [   0.03127] Score is : 584
display  D   display_settings.c:191  debug_display_settings           [   0.03128] color: 32 (rgba 8880), depth: 24, stencil: 8, acc: 0000, samples: 0/0
display  D   display_settings.c:506  _al_score_display_settings       [   0.03129] Score is : 769
display  D   display_settings.c:191  debug_display_settings           [   0.03130] color: 32 (rgba 8880), depth: 24, stencil: 8, acc: 0000, samples: 0/0
display  D   display_settings.c:506  _al_score_display_settings       [   0.03132] Score is : 769
display  D   display_settings.c:191  debug_display_settings           [   0.03133] color: 32 (rgba 8880), depth: 24, stencil: 8, acc: 0000, samples: 2/1
display  D   display_settings.c:506  _al_score_display_settings       [   0.03135] Score is : 598
display  D   display_settings.c:191  debug_display_settings           [   0.03136] color: 32 (rgba 8880), depth: 24, stencil: 8, acc: 0000, samples: 3/1
display  D   display_settings.c:506  _al_score_display_settings       [   0.03137] Score is : 593
display  D   display_settings.c:191  debug_display_settings           [   0.03138] color: 32 (rgba 8880), depth: 24, stencil: 8, acc: 0000, samples: 4/1
display  D   display_settings.c:506  _al_score_display_settings       [   0.03140] Score is : 589
display  D   display_settings.c:191  debug_display_settings           [   0.03141] color: 32 (rgba 8880), depth: 24, stencil: 8, acc: 0000, samples: 5/1
display  D   display_settings.c:506  _al_score_display_settings       [   0.03142] Score is : 587
display  D   display_settings.c:191  debug_display_settings           [   0.03143] color: 32 (rgba 8880), depth: 24, stencil: 8, acc: 0000, samples: 6/1
display  D   display_settings.c:506  _al_score_display_settings       [   0.03145] Score is : 586
display  D   display_settings.c:191  debug_display_settings           [   0.03146] color: 32 (rgba 8880), depth: 24, stencil: 8, acc: 0000, samples: 7/1
display  D   display_settings.c:506  _al_score_display_settings       [   0.03147] Score is : 585
display  D   display_settings.c:191  debug_display_settings           [   0.03148] color: 32 (rgba 8880), depth: 24, stencil: 8, acc: 0000, samples: 8/1
display  D   display_settings.c:506  _al_score_display_settings       [   0.03150] Score is : 584
display  D   display_settings.c:191  debug_display_settings           [   0.03151] color: 32 (rgba 8880), depth: 24, stencil: 0, acc: 0000, samples: 0/0
display  D   display_settings.c:506  _al_score_display_settings       [   0.03152] Score is : 769
display  D   display_settings.c:191  debug_display_settings           [   0.03153] color: 32 (rgba 8880), depth: 24, stencil: 0, acc: 0000, samples: 0/0
display  D   display_settings.c:506  _al_score_display_settings       [   0.03155] Score is : 769
display  D   display_settings.c:191  debug_display_settings           [   0.03156] color: 32 (rgba 8880), depth: 24, stencil: 0, acc: 0000, samples: 2/1
display  D   display_settings.c:506  _al_score_display_settings       [   0.03157] Score is : 598
display  D   display_settings.c:191  debug_display_settings           [   0.03158] color: 32 (rgba 8880), depth: 24, stencil: 0, acc: 0000, samples: 3/1
display  D   display_settings.c:506  _al_score_display_settings       [   0.03160] Score is : 593
display  D   display_settings.c:191  debug_display_settings           [   0.03161] color: 32 (rgba 8880), depth: 24, stencil: 0, acc: 0000, samples: 4/1
display  D   display_settings.c:506  _al_score_display_settings       [   0.03162] Score is : 589
display  D   display_settings.c:191  debug_display_settings           [   0.03164] color: 32 (rgba 8880), depth: 24, stencil: 0, acc: 0000, samples: 5/1
display  D   display_settings.c:506  _al_score_display_settings       [   0.03165] Score is : 587
display  D   display_settings.c:191  debug_display_settings           [   0.03166] color: 32 (rgba 8880), depth: 24, stencil: 0, acc: 0000, samples: 6/1
display  D   display_settings.c:506  _al_score_display_settings       [   0.03169] Score is : 586
display  D   display_settings.c:191  debug_display_settings           [   0.03170] color: 32 (rgba 8880), depth: 24, stencil: 0, acc: 0000, samples: 7/1
display  D   display_settings.c:506  _al_score_display_settings       [   0.03171] Score is : 585
display  D   display_settings.c:191  debug_display_settings           [   0.03172] color: 32 (rgba 8880), depth: 24, stencil: 0, acc: 0000, samples: 8/1
display  D   display_settings.c:506  _al_score_display_settings       [   0.03174] Score is : 584
display  D   display_settings.c:191  debug_display_settings           [   0.03175] color: 32 (rgba 8880), depth: 16, stencil: 0, acc: 0000, samples: 0/0
display  D   display_settings.c:506  _al_score_display_settings       [   0.03176] Score is : 769
display  D   display_settings.c:191  debug_display_settings           [   0.03177] color: 32 (rgba 8880), depth: 16, stencil: 0, acc: 0000, samples: 0/0
display  D   display_settings.c:506  _al_score_display_settings       [   0.03179] Score is : 769
display  D   display_settings.c:191  debug_display_settings           [   0.03180] color: 32 (rgba 8880), depth: 16, stencil: 0, acc: 0000, samples: 2/1
display  D   display_settings.c:506  _al_score_display_settings       [   0.03181] Score is : 598
display  D   display_settings.c:191  debug_display_settings           [   0.03182] color: 32 (rgba 8880), depth: 16, stencil: 0, acc: 0000, samples: 3/1
display  D   display_settings.c:506  _al_score_display_settings       [   0.03184] Score is : 593
display  D   display_settings.c:191  debug_display_settings           [   0.03185] color: 32 (rgba 8880), depth: 16, stencil: 0, acc: 0000, samples: 4/1
display  D   display_settings.c:506  _al_score_display_settings       [   0.03186] Score is : 589
display  D   display_settings.c:191  debug_display_settings           [   0.03187] color: 32 (rgba 8880), depth: 16, stencil: 0, acc: 0000, samples: 5/1
display  D   display_settings.c:506  _al_score_display_settings       [   0.03189] Score is : 587
display  D   display_settings.c:191  debug_display_settings           [   0.03190] color: 32 (rgba 8880), depth: 16, stencil: 0, acc: 0000, samples: 6/1
display  D   display_settings.c:506  _al_score_display_settings       [   0.03191] Score is : 586
display  D   display_settings.c:191  debug_display_settings           [   0.03193] color: 32 (rgba 8880), depth: 16, stencil: 0, acc: 0000, samples: 7/1
display  D   display_settings.c:506  _al_score_display_settings       [   0.03194] Score is : 585
display  D   display_settings.c:191  debug_display_settings           [   0.03195] color: 32 (rgba 8880), depth: 16, stencil: 0, acc: 0000, samples: 8/1
display  D   display_settings.c:506  _al_score_display_settings       [   0.03197] Score is : 584
display  D   display_settings.c:191  debug_display_settings           [   0.03198] color: 16 (rgba 5650), depth: 0, stencil: 0, acc: 0000, samples: 0/0
display  D   display_settings.c:506  _al_score_display_settings       [   0.03199] Score is : 769
display  D   display_settings.c:191  debug_display_settings           [   0.03200] color: 16 (rgba 5650), depth: 0, stencil: 0, acc: 0000, samples: 0/0
display  D   display_settings.c:506  _al_score_display_settings       [   0.03202] Score is : 769
display  D   display_settings.c:191  debug_display_settings           [   0.03203] color: 16 (rgba 5650), depth: 0, stencil: 0, acc: 0000, samples: 2/1
display  D   display_settings.c:506  _al_score_display_settings       [   0.03204] Score is : 598
display  D   display_settings.c:191  debug_display_settings           [   0.03205] color: 16 (rgba 5650), depth: 0, stencil: 0, acc: 0000, samples: 3/1
display  D   display_settings.c:506  _al_score_display_settings       [   0.03207] Score is : 593
display  D   display_settings.c:191  debug_display_settings           [   0.03208] color: 16 (rgba 5650), depth: 0, stencil: 0, acc: 0000, samples: 4/1
display  D   display_settings.c:506  _al_score_display_settings       [   0.03209] Score is : 589
display  D   display_settings.c:191  debug_display_settings           [   0.03211] color: 16 (rgba 5650), depth: 0, stencil: 0, acc: 0000, samples: 5/1
display  D   display_settings.c:506  _al_score_display_settings       [   0.03212] Score is : 587
display  D   display_settings.c:191  debug_display_settings           [   0.03213] color: 16 (rgba 5650), depth: 0, stencil: 0, acc: 0000, samples: 6/1
display  D   display_settings.c:506  _al_score_display_settings       [   0.03215] Score is : 586
display  D   display_settings.c:191  debug_display_settings           [   0.03216] color: 16 (rgba 5650), depth: 0, stencil: 0, acc: 0000, samples: 7/1
display  D   display_settings.c:506  _al_score_display_settings       [   0.03217] Score is : 585
display  D   display_settings.c:191  debug_display_settings           [   0.03218] color: 16 (rgba 5650), depth: 0, stencil: 0, acc: 0000, samples: 8/1
display  D   display_settings.c:506  _al_score_display_settings       [   0.03220] Score is : 584
display  D   display_settings.c:191  debug_display_settings           [   0.03221] color: 16 (rgba 5650), depth: 24, stencil: 8, acc: 0000, samples: 0/0
display  D   display_settings.c:506  _al_score_display_settings       [   0.03222] Score is : 769
display  D   display_settings.c:191  debug_display_settings           [   0.03223] color: 16 (rgba 5650), depth: 24, stencil: 8, acc: 0000, samples: 0/0
display  D   display_settings.c:506  _al_score_display_settings       [   0.03225] Score is : 769
display  D   display_settings.c:191  debug_display_settings           [   0.03226] color: 16 (rgba 5650), depth: 24, stencil: 8, acc: 0000, samples: 2/1
display  D   display_settings.c:506  _al_score_display_settings       [   0.03227] Score is : 598
display  D   display_settings.c:191  debug_display_settings           [   0.03228] color: 16 (rgba 5650), depth: 24, stencil: 8, acc: 0000, samples: 3/1
display  D   display_settings.c:506  _al_score_display_settings       [   0.03230] Score is : 593
display  D   display_settings.c:191  debug_display_settings           [   0.03231] color: 16 (rgba 5650), depth: 24, stencil: 8, acc: 0000, samples: 4/1
display  D   display_settings.c:506  _al_score_display_settings       [   0.03232] Score is : 589
display  D   display_settings.c:191  debug_display_settings           [   0.03233] color: 16 (rgba 5650), depth: 24, stencil: 8, acc: 0000, samples: 5/1
display  D   display_settings.c:506  _al_score_display_settings       [   0.03235] Score is : 587
display  D   display_settings.c:191  debug_display_settings           [   0.03236] color: 16 (rgba 5650), depth: 24, stencil: 8, acc: 0000, samples: 6/1
display  D   display_settings.c:506  _al_score_display_settings       [   0.03237] Score is : 586
display  D   display_settings.c:191  debug_display_settings           [   0.03239] color: 16 (rgba 5650), depth: 24, stencil: 8, acc: 0000, samples: 7/1
display  D   display_settings.c:506  _al_score_display_settings       [   0.03240] Score is : 585
display  D   display_settings.c:191  debug_display_settings           [   0.03241] color: 16 (rgba 5650), depth: 24, stencil: 8, acc: 0000, samples: 8/1
display  D   display_settings.c:506  _al_score_display_settings       [   0.03243] Score is : 584
display  D   display_settings.c:191  debug_display_settings           [   0.03244] color: 16 (rgba 5650), depth: 24, stencil: 0, acc: 0000, samples: 0/0
display  D   display_settings.c:506  _al_score_display_settings       [   0.03245] Score is : 769
display  D   display_settings.c:191  debug_display_settings           [   0.03246] color: 16 (rgba 5650), depth: 24, stencil: 0, acc: 0000, samples: 0/0
display  D   display_settings.c:506  _al_score_display_settings       [   0.03248] Score is : 769
display  D   display_settings.c:191  debug_display_settings           [   0.03249] color: 16 (rgba 5650), depth: 24, stencil: 0, acc: 0000, samples: 2/1
display  D   display_settings.c:506  _al_score_display_settings       [   0.03250] Score is : 598
display  D   display_settings.c:191  debug_display_settings           [   0.03251] color: 16 (rgba 5650), depth: 24, stencil: 0, acc: 0000, samples: 3/1
display  D   display_settings.c:506  _al_score_display_settings       [   0.03253] Score is : 593
display  D   display_settings.c:191  debug_display_settings           [   0.03254] color: 16 (rgba 5650), depth: 24, stencil: 0, acc: 0000, samples: 4/1
display  D   display_settings.c:506  _al_score_display_settings       [   0.03256] Score is : 589
display  D   display_settings.c:191  debug_display_settings           [   0.03257] color: 16 (rgba 5650), depth: 24, stencil: 0, acc: 0000, samples: 5/1
display  D   display_settings.c:506  _al_score_display_settings       [   0.03258] Score is : 587
display  D   display_settings.c:191  debug_display_settings           [   0.03259] color: 16 (rgba 5650), depth: 24, stencil: 0, acc: 0000, samples: 6/1
display  D   display_settings.c:506  _al_score_display_settings       [   0.03261] Score is : 586
display  D   display_settings.c:191  debug_display_settings           [   0.03262] color: 16 (rgba 5650), depth: 24, stencil: 0, acc: 0000, samples: 7/1
display  D   display_settings.c:506  _al_score_display_settings       [   0.03264] Score is : 585
display  D   display_settings.c:191  debug_display_settings           [   0.03265] color: 16 (rgba 5650), depth: 24, stencil: 0, acc: 0000, samples: 8/1
display  D   display_settings.c:506  _al_score_display_settings       [   0.03267] Score is : 584
display  D   display_settings.c:191  debug_display_settings           [   0.03268] color: 16 (rgba 5650), depth: 16, stencil: 0, acc: 0000, samples: 0/0
display  D   display_settings.c:506  _al_score_display_settings       [   0.03269] Score is : 769
display  D   display_settings.c:191  debug_display_settings           [   0.03270] color: 16 (rgba 5650), depth: 16, stencil: 0, acc: 0000, samples: 0/0
display  D   display_settings.c:506  _al_score_display_settings       [   0.03272] Score is : 769
display  D   display_settings.c:191  debug_display_settings           [   0.03273] color: 16 (rgba 5650), depth: 16, stencil: 0, acc: 0000, samples: 2/1
display  D   display_settings.c:506  _al_score_display_settings       [   0.03274] Score is : 598
display  D   display_settings.c:191  debug_display_settings           [   0.03275] color: 16 (rgba 5650), depth: 16, stencil: 0, acc: 0000, samples: 3/1
display  D   display_settings.c:506  _al_score_display_settings       [   0.03277] Score is : 593
display  D   display_settings.c:191  debug_display_settings           [   0.03278] color: 16 (rgba 5650), depth: 16, stencil: 0, acc: 0000, samples: 4/1
display  D   display_settings.c:506  _al_score_display_settings       [   0.03279] Score is : 589
display  D   display_settings.c:191  debug_display_settings           [   0.03281] color: 16 (rgba 5650), depth: 16, stencil: 0, acc: 0000, samples: 5/1
display  D   display_settings.c:506  _al_score_display_settings       [   0.03282] Score is : 587
display  D   display_settings.c:191  debug_display_settings           [   0.03283] color: 16 (rgba 5650), depth: 16, stencil: 0, acc: 0000, samples: 6/1
display  D   display_settings.c:506  _al_score_display_settings       [   0.03285] Score is : 586
display  D   display_settings.c:191  debug_display_settings           [   0.03286] color: 16 (rgba 5650), depth: 16, stencil: 0, acc: 0000, samples: 7/1
display  D   display_settings.c:506  _al_score_display_settings       [   0.03287] Score is : 585
display  D   display_settings.c:191  debug_display_settings           [   0.03288] color: 16 (rgba 5650), depth: 16, stencil: 0, acc: 0000, samples: 8/1
display  D   display_settings.c:506  _al_score_display_settings       [   0.03290] Score is : 584
display  D   display_settings.c:191  debug_display_settings           [   0.03291] color: 32 (rgba 8880), depth: 0, stencil: 0, acc: 0000, samples: 0/0
display  D   display_settings.c:377  _al_score_display_settings       [   0.03293] Single Buffer requirement not met.
display  D   display_settings.c:191  debug_display_settings           [   0.03294] color: 32 (rgba 8880), depth: 0, stencil: 0, acc: 0000, samples: 0/0
display  D   display_settings.c:377  _al_score_display_settings       [   0.03295] Single Buffer requirement not met.
display  D   display_settings.c:191  debug_display_settings           [   0.03296] color: 32 (rgba 8880), depth: 0, stencil: 0, acc: 0000, samples: 2/1
display  D   display_settings.c:377  _al_score_display_settings       [   0.03298] Single Buffer requirement not met.
display  D   display_settings.c:191  debug_display_settings           [   0.03299] color: 32 (rgba 8880), depth: 0, stencil: 0, acc: 0000, samples: 3/1
display  D   display_settings.c:377  _al_score_display_settings       [   0.03301] Single Buffer requirement not met.
display  D   display_settings.c:191  debug_display_settings           [   0.03302] color: 32 (rgba 8880), depth: 0, stencil: 0, acc: 0000, samples: 4/1
display  D   display_settings.c:377  _al_score_display_settings       [   0.03303] Single Buffer requirement not met.
display  D   display_settings.c:191  debug_display_settings           [   0.03304] color: 32 (rgba 8880), depth: 0, stencil: 0, acc: 0000, samples: 5/1
display  D   display_settings.c:377  _al_score_display_settings       [   0.03306] Single Buffer requirement not met.
display  D   display_settings.c:191  debug_display_settings           [   0.03307] color: 32 (rgba 8880), depth: 0, stencil: 0, acc: 0000, samples: 6/1
display  D   display_settings.c:377  _al_score_display_settings       [   0.03308] Single Buffer requirement not met.
display  D   display_settings.c:191  debug_display_settings           [   0.03310] color: 32 (rgba 8880), depth: 0, stencil: 0, acc: 0000, samples: 7/1
display  D   display_settings.c:377  _al_score_display_settings       [   0.03311] Single Buffer requirement not met.
display  D   display_settings.c:191  debug_display_settings           [   0.03312] color: 32 (rgba 8880), depth: 0, stencil: 0, acc: 0000, samples: 8/1
display  D   display_settings.c:377  _al_score_display_settings       [   0.03314] Single Buffer requirement not met.
display  D   display_settings.c:191  debug_display_settings           [   0.03315] color: 32 (rgba 8880), depth: 24, stencil: 8, acc: 0000, samples: 0/0
display  D   display_settings.c:377  _al_score_display_settings       [   0.03316] Single Buffer requirement not met.
display  D   display_settings.c:191  debug_display_settings           [   0.03317] color: 32 (rgba 8880), depth: 24, stencil: 8, acc: 0000, samples: 0/0
display  D   display_settings.c:377  _al_score_display_settings       [   0.03319] Single Buffer requirement not met.
display  D   display_settings.c:191  debug_display_settings           [   0.03320] color: 32 (rgba 8880), depth: 24, stencil: 8, acc: 0000, samples: 2/1
display  D   display_settings.c:377  _al_score_display_settings       [   0.03322] Single Buffer requirement not met.
display  D   display_settings.c:191  debug_display_settings           [   0.03323] color: 32 (rgba 8880), depth: 24, stencil: 8, acc: 0000, samples: 3/1
display  D   display_settings.c:377  _al_score_display_settings       [   0.03324] Single Buffer requirement not met.
display  D   display_settings.c:191  debug_display_settings           [   0.03325] color: 32 (rgba 8880), depth: 24, stencil: 8, acc: 0000, samples: 4/1
display  D   display_settings.c:377  _al_score_display_settings       [   0.03327] Single Buffer requirement not met.
display  D   display_settings.c:191  debug_display_settings           [   0.03328] color: 32 (rgba 8880), depth: 24, stencil: 8, acc: 0000, samples: 5/1
display  D   display_settings.c:377  _al_score_display_settings       [   0.03329] Single Buffer requirement not met.
display  D   display_settings.c:191  debug_display_settings           [   0.03331] color: 32 (rgba 8880), depth: 24, stencil: 8, acc: 0000, samples: 6/1
display  D   display_settings.c:377  _al_score_display_settings       [   0.03332] Single Buffer requirement not met.
display  D   display_settings.c:191  debug_display_settings           [   0.03333] color: 32 (rgba 8880), depth: 24, stencil: 8, acc: 0000, samples: 7/1
display  D   display_settings.c:377  _al_score_display_settings       [   0.03335] Single Buffer requirement not met.
display  D   display_settings.c:191  debug_display_settings           [   0.03336] color: 32 (rgba 8880), depth: 24, stencil: 8, acc: 0000, samples: 8/1
display  D   display_settings.c:377  _al_score_display_settings       [   0.03338] Single Buffer requirement not met.
display  D   display_settings.c:191  debug_display_settings           [   0.03339] color: 32 (rgba 8880), depth: 24, stencil: 0, acc: 0000, samples: 0/0
display  D   display_settings.c:377  _al_score_display_settings       [   0.03340] Single Buffer requirement not met.
display  D   display_settings.c:191  debug_display_settings           [   0.03341] color: 32 (rgba 8880), depth: 24, stencil: 0, acc: 0000, samples: 0/0
display  D   display_settings.c:377  _al_score_display_settings       [   0.03343] Single Buffer requirement not met.
display  D   display_settings.c:191  debug_display_settings           [   0.03344] color: 32 (rgba 8880), depth: 24, stencil: 0, acc: 0000, samples: 2/1
display  D   display_settings.c:377  _al_score_display_settings       [   0.03345] Single Buffer requirement not met.
display  D   display_settings.c:191  debug_display_settings           [   0.03347] color: 32 (rgba 8880), depth: 24, stencil: 0, acc: 0000, samples: 3/1
display  D   display_settings.c:377  _al_score_display_settings       [   0.03348] Single Buffer requirement not met.
display  D   display_settings.c:191  debug_display_settings           [   0.03349] color: 32 (rgba 8880), depth: 24, stencil: 0, acc: 0000, samples: 4/1
display  D   display_settings.c:377  _al_score_display_settings       [   0.03351] Single Buffer requirement not met.
display  D   display_settings.c:191  debug_display_settings           [   0.03352] color: 32 (rgba 8880), depth: 24, stencil: 0, acc: 0000, samples: 5/1
display  D   display_settings.c:377  _al_score_display_settings       [   0.03353] Single Buffer requirement not met.
display  D   display_settings.c:191  debug_display_settings           [   0.03354] color: 32 (rgba 8880), depth: 24, stencil: 0, acc: 0000, samples: 6/1
display  D   display_settings.c:377  _al_score_display_settings       [   0.03356] Single Buffer requirement not met.
display  D   display_settings.c:191  debug_display_settings           [   0.03357] color: 32 (rgba 8880), depth: 24, stencil: 0, acc: 0000, samples: 7/1
display  D   display_settings.c:377  _al_score_display_settings       [   0.03358] Single Buffer requirement not met.
display  D   display_settings.c:191  debug_display_settings           [   0.03360] color: 32 (rgba 8880), depth: 24, stencil: 0, acc: 0000, samples: 8/1
display  D   display_settings.c:377  _al_score_display_settings       [   0.03361] Single Buffer requirement not met.
display  D   display_settings.c:191  debug_display_settings           [   0.03362] color: 32 (rgba 8880), depth: 16, stencil: 0, acc: 0000, samples: 0/0
display  D   display_settings.c:377  _al_score_display_settings       [   0.03364] Single Buffer requirement not met.
display  D   display_settings.c:191  debug_display_settings           [   0.03365] color: 32 (rgba 8880), depth: 16, stencil: 0, acc: 0000, samples: 0/0
display  D   display_settings.c:377  _al_score_display_settings       [   0.03366] Single Buffer requirement not met.
display  D   display_settings.c:191  debug_display_settings           [   0.03368] color: 32 (rgba 8880), depth: 16, stencil: 0, acc: 0000, samples: 2/1
display  D   display_settings.c:377  _al_score_display_settings       [   0.03369] Single Buffer requirement not met.
display  D   display_settings.c:191  debug_display_settings           [   0.03370] color: 32 (rgba 8880), depth: 16, stencil: 0, acc: 0000, samples: 3/1
display  D   display_settings.c:377  _al_score_display_settings       [   0.03374] Single Buffer requirement not met.
display  D   display_settings.c:191  debug_display_settings           [   0.03375] color: 32 (rgba 8880), depth: 16, stencil: 0, acc: 0000, samples: 4/1
display  D   display_settings.c:377  _al_score_display_settings       [   0.03376] Single Buffer requirement not met.
display  D   display_settings.c:191  debug_display_settings           [   0.03378] color: 32 (rgba 8880), depth: 16, stencil: 0, acc: 0000, samples: 5/1
display  D   display_settings.c:377  _al_score_display_settings       [   0.03379] Single Buffer requirement not met.
display  D   display_settings.c:191  debug_display_settings           [   0.03380] color: 32 (rgba 8880), depth: 16, stencil: 0, acc: 0000, samples: 6/1
display  D   display_settings.c:377  _al_score_display_settings       [   0.03382] Single Buffer requirement not met.
display  D   display_settings.c:191  debug_display_settings           [   0.03383] color: 32 (rgba 8880), depth: 16, stencil: 0, acc: 0000, samples: 7/1
display  D   display_settings.c:377  _al_score_display_settings       [   0.03384] Single Buffer requirement not met.
display  D   display_settings.c:191  debug_display_settings           [   0.03386] color: 32 (rgba 8880), depth: 16, stencil: 0, acc: 0000, samples: 8/1
display  D   display_settings.c:377  _al_score_display_settings       [   0.03387] Single Buffer requirement not met.
display  D   display_settings.c:191  debug_display_settings           [   0.03388] color: 16 (rgba 5650), depth: 0, stencil: 0, acc: 0000, samples: 0/0
display  D   display_settings.c:377  _al_score_display_settings       [   0.03390] Single Buffer requirement not met.
display  D   display_settings.c:191  debug_display_settings           [   0.03391] color: 16 (rgba 5650), depth: 0, stencil: 0, acc: 0000, samples: 0/0
display  D   display_settings.c:377  _al_score_display_settings       [   0.03392] Single Buffer requirement not met.
display  D   display_settings.c:191  debug_display_settings           [   0.03393] color: 16 (rgba 5650), depth: 0, stencil: 0, acc: 0000, samples: 2/1
display  D   display_settings.c:377  _al_score_display_settings       [   0.03395] Single Buffer requirement not met.
display  D   display_settings.c:191  debug_display_settings           [   0.03396] color: 16 (rgba 5650), depth: 0, stencil: 0, acc: 0000, samples: 3/1
display  D   display_settings.c:377  _al_score_display_settings       [   0.03397] Single Buffer requirement not met.
display  D   display_settings.c:191  debug_display_settings           [   0.03399] color: 16 (rgba 5650), depth: 0, stencil: 0, acc: 0000, samples: 4/1
display  D   display_settings.c:377  _al_score_display_settings       [   0.03400] Single Buffer requirement not met.
display  D   display_settings.c:191  debug_display_settings           [   0.03401] color: 16 (rgba 5650), depth: 0, stencil: 0, acc: 0000, samples: 5/1
display  D   display_settings.c:377  _al_score_display_settings       [   0.03403] Single Buffer requirement not met.
display  D   display_settings.c:191  debug_display_settings           [   0.03404] color: 16 (rgba 5650), depth: 0, stencil: 0, acc: 0000, samples: 6/1
display  D   display_settings.c:377  _al_score_display_settings       [   0.03405] Single Buffer requirement not met.
display  D   display_settings.c:191  debug_display_settings           [   0.03406] color: 16 (rgba 5650), depth: 0, stencil: 0, acc: 0000, samples: 7/1
display  D   display_settings.c:377  _al_score_display_settings       [   0.03408] Single Buffer requirement not met.
display  D   display_settings.c:191  debug_display_settings           [   0.03409] color: 16 (rgba 5650), depth: 0, stencil: 0, acc: 0000, samples: 8/1
display  D   display_settings.c:377  _al_score_display_settings       [   0.03410] Single Buffer requirement not met.
display  D   display_settings.c:191  debug_display_settings           [   0.03412] color: 16 (rgba 5650), depth: 24, stencil: 8, acc: 0000, samples: 0/0
display  D   display_settings.c:377  _al_score_display_settings       [   0.03413] Single Buffer requirement not met.
display  D   display_settings.c:191  debug_display_settings           [   0.03414] color: 16 (rgba 5650), depth: 24, stencil: 8, acc: 0000, samples: 0/0
display  D   display_settings.c:377  _al_score_display_settings       [   0.03416] Single Buffer requirement not met.
display  D   display_settings.c:191  debug_display_settings           [   0.03417] color: 16 (rgba 5650), depth: 24, stencil: 8, acc: 0000, samples: 2/1
display  D   display_settings.c:377  _al_score_display_settings       [   0.03419] Single Buffer requirement not met.
display  D   display_settings.c:191  debug_display_settings           [   0.03420] color: 16 (rgba 5650), depth: 24, stencil: 8, acc: 0000, samples: 3/1
display  D   display_settings.c:377  _al_score_display_settings       [   0.03421] Single Buffer requirement not met.
display  D   display_settings.c:191  debug_display_settings           [   0.03422] color: 16 (rgba 5650), depth: 24, stencil: 8, acc: 0000, samples: 4/1
display  D   display_settings.c:377  _al_score_display_settings       [   0.03424] Single Buffer requirement not met.
display  D   display_settings.c:191  debug_display_settings           [   0.03425] color: 16 (rgba 5650), depth: 24, stencil: 8, acc: 0000, samples: 5/1
display  D   display_settings.c:377  _al_score_display_settings       [   0.03426] Single Buffer requirement not met.
display  D   display_settings.c:191  debug_display_settings           [   0.03428] color: 16 (rgba 5650), depth: 24, stencil: 8, acc: 0000, samples: 6/1
display  D   display_settings.c:377  _al_score_display_settings       [   0.03429] Single Buffer requirement not met.
display  D   display_settings.c:191  debug_display_settings           [   0.03430] color: 16 (rgba 5650), depth: 24, stencil: 8, acc: 0000, samples: 7/1
display  D   display_settings.c:377  _al_score_display_settings       [   0.03432] Single Buffer requirement not met.
display  D   display_settings.c:191  debug_display_settings           [   0.03433] color: 16 (rgba 5650), depth: 24, stencil: 8, acc: 0000, samples: 8/1
display  D   display_settings.c:377  _al_score_display_settings       [   0.03434] Single Buffer requirement not met.
display  D   display_settings.c:191  debug_display_settings           [   0.03435] color: 16 (rgba 5650), depth: 24, stencil: 0, acc: 0000, samples: 0/0
display  D   display_settings.c:377  _al_score_display_settings       [   0.03437] Single Buffer requirement not met.
display  D   display_settings.c:191  debug_display_settings           [   0.03438] color: 16 (rgba 5650), depth: 24, stencil: 0, acc: 0000, samples: 0/0
display  D   display_settings.c:377  _al_score_display_settings       [   0.03439] Single Buffer requirement not met.
display  D   display_settings.c:191  debug_display_settings           [   0.03441] color: 16 (rgba 5650), depth: 24, stencil: 0, acc: 0000, samples: 2/1
display  D   display_settings.c:377  _al_score_display_settings       [   0.03442] Single Buffer requirement not met.
display  D   display_settings.c:191  debug_display_settings           [   0.03443] color: 16 (rgba 5650), depth: 24, stencil: 0, acc: 0000, samples: 3/1
display  D   display_settings.c:377  _al_score_display_settings       [   0.03445] Single Buffer requirement not met.
display  D   display_settings.c:191  debug_display_settings           [   0.03446] color: 16 (rgba 5650), depth: 24, stencil: 0, acc: 0000, samples: 4/1
display  D   display_settings.c:377  _al_score_display_settings       [   0.03447] Single Buffer requirement not met.
display  D   display_settings.c:191  debug_display_settings           [   0.03448] color: 16 (rgba 5650), depth: 24, stencil: 0, acc: 0000, samples: 5/1
display  D   display_settings.c:377  _al_score_display_settings       [   0.03450] Single Buffer requirement not met.
display  D   display_settings.c:191  debug_display_settings           [   0.03451] color: 16 (rgba 5650), depth: 24, stencil: 0, acc: 0000, samples: 6/1
display  D   display_settings.c:377  _al_score_display_settings       [   0.03452] Single Buffer requirement not met.
display  D   display_settings.c:191  debug_display_settings           [   0.03454] color: 16 (rgba 5650), depth: 24, stencil: 0, acc: 0000, samples: 7/1
display  D   display_settings.c:377  _al_score_display_settings       [   0.03455] Single Buffer requirement not met.
display  D   display_settings.c:191  debug_display_settings           [   0.03457] color: 16 (rgba 5650), depth: 24, stencil: 0, acc: 0000, samples: 8/1
display  D   display_settings.c:377  _al_score_display_settings       [   0.03458] Single Buffer requirement not met.
display  D   display_settings.c:191  debug_display_settings           [   0.03459] color: 16 (rgba 5650), depth: 16, stencil: 0, acc: 0000, samples: 0/0
display  D   display_settings.c:377  _al_score_display_settings       [   0.03461] Single Buffer requirement not met.
display  D   display_settings.c:191  debug_display_settings           [   0.03462] color: 16 (rgba 5650), depth: 16, stencil: 0, acc: 0000, samples: 0/0
display  D   display_settings.c:377  _al_score_display_settings       [   0.03463] Single Buffer requirement not met.
display  D   display_settings.c:191  debug_display_settings           [   0.03464] color: 16 (rgba 5650), depth: 16, stencil: 0, acc: 0000, samples: 2/1
display  D   display_settings.c:377  _al_score_display_settings       [   0.03466] Single Buffer requirement not met.
display  D   display_settings.c:191  debug_display_settings           [   0.03467] color: 16 (rgba 5650), depth: 16, stencil: 0, acc: 0000, samples: 3/1
display  D   display_settings.c:377  _al_score_display_settings       [   0.03469] Single Buffer requirement not met.
display  D   display_settings.c:191  debug_display_settings           [   0.03470] color: 16 (rgba 5650), depth: 16, stencil: 0, acc: 0000, samples: 4/1
display  D   display_settings.c:377  _al_score_display_settings       [   0.03471] Single Buffer requirement not met.
display  D   display_settings.c:191  debug_display_settings           [   0.03472] color: 16 (rgba 5650), depth: 16, stencil: 0, acc: 0000, samples: 5/1
display  D   display_settings.c:377  _al_score_display_settings       [   0.03474] Single Buffer requirement not met.
display  D   display_settings.c:191  debug_display_settings           [   0.03475] color: 16 (rgba 5650), depth: 16, stencil: 0, acc: 0000, samples: 6/1
display  D   display_settings.c:377  _al_score_display_settings       [   0.03476] Single Buffer requirement not met.
display  D   display_settings.c:191  debug_display_settings           [   0.03478] color: 16 (rgba 5650), depth: 16, stencil: 0, acc: 0000, samples: 7/1
display  D   display_settings.c:377  _al_score_display_settings       [   0.03479] Single Buffer requirement not met.
display  D   display_settings.c:191  debug_display_settings           [   0.03480] color: 16 (rgba 5650), depth: 16, stencil: 0, acc: 0000, samples: 8/1
display  D   display_settings.c:377  _al_score_display_settings       [   0.03482] Single Buffer requirement not met.
d3d      D         d3d_disp.cpp:1645 d3d_create_display_internals     [   0.03488] Trying format 0.
d3d      I         d3d_disp.cpp:1326 d3d_display_thread_proc          [   0.03537] Chose a display format: 23
d3d      I         d3d_disp.cpp:1395 d3d_display_thread_proc          [   0.03541] Normal window.
d3d      I         d3d_disp.cpp:801  d3d_create_device                [   0.04703] Using no depth stencil buffer
d3d      D         d3d_disp.cpp:866  d3d_create_device                [   1.42523] BeginScene succeeded in create_device
d3d      D         d3d_disp.cpp:874  d3d_create_device                [   1.42526] Success
d3d      D         d3d_disp.cpp:1668 d3d_create_display_internals     [   1.42537] Resumed after wait.
d3d      I         d3d_disp.cpp:1701 d3d_create_display_internals     [   1.42550] Format 0 succeeded.
d3d      D         d3d_disp.cpp:1724 d3d_create_display_internals     [   1.42553] Returning d3d_display: 007092E8
d3d      D         d3d_disp.cpp:1749 d3d_create_display_locked        [   1.42554] al_display=007092E8
d3d      D         d3d_disp.cpp:1750 d3d_create_display_locked        [   1.42556] al_display->vt=00709220
dtor     D               dtor.c:184  _al_register_destructor          [   1.42716] added dtor for object 0073F438, func 528927A7
dtor     D               dtor.c:184  _al_register_destructor          [   1.42731] added dtor for object 0073F600, func 528924D2
font     D                ttf.c:792  al_load_ttf_font_stretch_f       [   1.42942] Font pirulen.ttf loaded with pixel size 0 x 42.
font     D                ttf.c:794  al_load_ttf_font_stretch_f       [   1.42944]     ascent=40.0, descent=-10.0, height=50.0
dtor     D               dtor.c:184  _al_register_destructor          [   1.42947] added dtor for object 0074DD88, func 52891B3B
d3d      D         d3d_disp.cpp:1166 real_choose_bitmap_format        [   3.64344] Fake format
d3d      D         d3d_disp.cpp:1166 real_choose_bitmap_format        [   3.64346] Fake format
d3d      D         d3d_disp.cpp:1166 real_choose_bitmap_format        [   3.64347] Fake format
d3d      D         d3d_disp.cpp:1166 real_choose_bitmap_format        [   3.64349] Fake format
d3d      D         d3d_disp.cpp:1166 real_choose_bitmap_format        [   3.64350] Fake format
d3d      D         d3d_disp.cpp:1166 real_choose_bitmap_format        [   3.64351] Fake format
d3d      D         d3d_disp.cpp:1166 real_choose_bitmap_format        [   3.64352] Fake format
d3d      D         d3d_disp.cpp:1166 real_choose_bitmap_format        [   3.64353] Fake format
d3d      D         d3d_disp.cpp:1166 real_choose_bitmap_format        [   3.64354] Fake format
d3d      D         d3d_disp.cpp:1174 real_choose_bitmap_format        [   3.64355] Alpha doesn't match
d3d      D         d3d_disp.cpp:1181 real_choose_bitmap_format        [   3.64356] Adapter format is 23
d3d      D         d3d_disp.cpp:1184 real_choose_bitmap_format        [   3.64358] Found a format
d3d      I         d3d_disp.cpp:2283 _al_d3d_create_bitmap            [   3.64359] Chose bitmap format 9
font     D                ttf.c:217  alloc_glyph_region               [   3.64432] Glyph 18: 34x31 (36x32)
d3d      D          d3d_bmp.cpp:467  _al_d3d_sync_bitmap              [   3.64471] _al_d3d_sync_bitmap (system) ref count == 1
d3d      D          d3d_bmp.cpp:473  _al_d3d_sync_bitmap              [   3.64472] _al_d3d_sync_bitmap (video) ref count == 2
d3d      D          d3d_bmp.cpp:467  _al_d3d_sync_bitmap              [   3.65522] _al_d3d_sync_bitmap (system) ref count == 1
d3d      D          d3d_bmp.cpp:473  _al_d3d_sync_bitmap              [   3.65526] _al_d3d_sync_bitmap (video) ref count == 2
font     D                ttf.c:217  alloc_glyph_region               [   5.19425] Glyph 19: 16x31 (16x32)
d3d      D          d3d_bmp.cpp:467  _al_d3d_sync_bitmap              [   5.19437] _al_d3d_sync_bitmap (system) ref count == 1
d3d      D          d3d_bmp.cpp:473  _al_d3d_sync_bitmap              [   5.19442] _al_d3d_sync_bitmap (video) ref count == 2
d3d      D          d3d_bmp.cpp:467  _al_d3d_sync_bitmap              [   5.20129] _al_d3d_sync_bitmap (system) ref count == 1
d3d      D          d3d_bmp.cpp:473  _al_d3d_sync_bitmap              [   5.20138] _al_d3d_sync_bitmap (video) ref count == 2
font     D                ttf.c:217  alloc_glyph_region               [   9.46051] Glyph 22: 39x32 (40x32)
d3d      D          d3d_bmp.cpp:467  _al_d3d_sync_bitmap              [   9.46055] _al_d3d_sync_bitmap (system) ref count == 1
d3d      D          d3d_bmp.cpp:473  _al_d3d_sync_bitmap              [   9.46056] _al_d3d_sync_bitmap (video) ref count == 2
d3d      D          d3d_bmp.cpp:467  _al_d3d_sync_bitmap              [   9.46254] _al_d3d_sync_bitmap (system) ref count == 1
d3d      D          d3d_bmp.cpp:473  _al_d3d_sync_bitmap              [   9.46257] _al_d3d_sync_bitmap (video) ref count == 2
font     D                ttf.c:217  alloc_glyph_region               [  14.69475] Glyph 20: 33x31 (36x32)
d3d      D          d3d_bmp.cpp:467  _al_d3d_sync_bitmap              [  14.69479] _al_d3d_sync_bitmap (system) ref count == 1
d3d      D          d3d_bmp.cpp:473  _al_d3d_sync_bitmap              [  14.69481] _al_d3d_sync_bitmap (video) ref count == 2
d3d      D          d3d_bmp.cpp:467  _al_d3d_sync_bitmap              [  14.69849] _al_d3d_sync_bitmap (system) ref count == 1
d3d      D          d3d_bmp.cpp:473  _al_d3d_sync_bitmap              [  14.69853] _al_d3d_sync_bitmap (video) ref count == 2
font     D                ttf.c:217  alloc_glyph_region               [  18.67791] Glyph 21: 32x31 (32x32)
d3d      D          d3d_bmp.cpp:467  _al_d3d_sync_bitmap              [  18.67796] _al_d3d_sync_bitmap (system) ref count == 1
d3d      D          d3d_bmp.cpp:473  _al_d3d_sync_bitmap              [  18.67797] _al_d3d_sync_bitmap (video) ref count == 2
d3d      D          d3d_bmp.cpp:467  _al_d3d_sync_bitmap              [  18.68371] _al_d3d_sync_bitmap (system) ref count == 1
d3d      D          d3d_bmp.cpp:473  _al_d3d_sync_bitmap              [  18.68375] _al_d3d_sync_bitmap (video) ref count == 2
dtor     D               dtor.c:214  _al_unregister_destructor        [  84.32791] removed dtor for object 0073F600
dtor     D               dtor.c:214  _al_unregister_destructor        [  84.32795] removed dtor for object 0073F438
d3d      I         d3d_disp.cpp:921  d3d_destroy_display              [  84.32798] destroying display 007092E8 (current 00000000)
bitmap   D             bitmap.c:548  _al_convert_to_memory_bitmap     [  84.32800] converting display bitmap 0565FA48 to memory bitmap
d3d      D          d3d_bmp.cpp:467  _al_d3d_sync_bitmap              [  84.32821] _al_d3d_sync_bitmap (system) ref count == 1
d3d      D          d3d_bmp.cpp:473  _al_d3d_sync_bitmap              [  84.32823] _al_d3d_sync_bitmap (video) ref count == 2
d3d      W          d3d_bmp.cpp:743  d3d_destroy_bitmap               [  84.33070] d3d_destroy_bitmap: Release video texture failed.
d3d      D         d3d_disp.cpp:905  d3d_destroy_display_internals    [  84.33077] waiting for display 007092E8's thread to end
d3d      W         d3d_disp.cpp:617  d3d_destroy_device               [  84.33797] d3d_destroy_device: ref count not 0
d3d      I         d3d_disp.cpp:1527 d3d_display_thread_proc          [  84.36823] d3d display thread exits
dtor     D               dtor.c:114  _al_run_destructors              [  84.36957] calling dtor for object 0074DD88, func 52891B3B
dtor     D               dtor.c:214  _al_unregister_destructor        [  84.36961] removed dtor for object 0074DD88
